{
  "stats": {
    "suites": 1,
    "tests": 5,
    "passes": 5,
    "pending": 0,
    "failures": 0,
    "start": "2025-07-24T17:57:26.949Z",
    "end": "2025-07-24T17:58:32.685Z",
    "duration": 65736,
    "testsRegistered": 5,
    "passPercent": 100,
    "pendingPercent": 0,
    "other": 0,
    "hasOther": false,
    "skipped": 0,
    "hasSkipped": false
  },
  "results": [
    {
      "uuid": "cf05be13-144b-4cc8-a44d-1a30b80e98bc",
      "title": "",
      "fullFile": "cypress\\e2e\\test.cy.js",
      "file": "cypress\\e2e\\test.cy.js",
      "beforeHooks": [],
      "afterHooks": [],
      "tests": [],
      "suites": [
        {
          "uuid": "a526af69-16c1-4407-9bb8-719bd89ecb27",
          "title": "vérifier que la connexion est échoué avec des identifiants invalides",
          "fullFile": "",
          "file": "",
          "beforeHooks": [],
          "afterHooks": [],
          "tests": [
            {
              "title": "vérifier que la connexion est échoué avec des identifiants invalides",
              "fullTitle": "vérifier que la connexion est échoué avec des identifiants invalides vérifier que la connexion est échoué avec des identifiants invalides",
              "timedOut": null,
              "duration": 12687,
              "state": "passed",
              "speed": "slow",
              "pass": true,
              "fail": false,
              "pending": false,
              "context": null,
              "code": "cy.visit('https://mern-t-chat.vercel.app/', {\n  timeout: 10000\n});\ncy.wait(2000);\ncy.xpath(\"/html/body/div[1]/div[2]/div/div[2]/div/div[2]/div[1]/div/div[1]/input\").type(\"12132emailTest@gmail.com\", {\n  force: true\n});\ncy.xpath(\"/html/body/div[1]/div[2]/div/div[2]/div/div[2]/div[1]/div/div[2]/div/input\").type(\"passwordTest\", {\n  force: true\n});\ncy.xpath(\"/html/body/div[1]/div[2]/div/div[2]/div/div[2]/div[1]/div/button[1]\").click({\n  force: true\n});\ncy.wait(3000);\ncy.get('#toast-1-title').contains(\"Something went wrong\", {\n  timeout: 6000\n});",
              "err": {},
              "uuid": "1b725274-c610-4faf-9841-e25988fb9e66",
              "parentUUID": "a526af69-16c1-4407-9bb8-719bd89ecb27",
              "isHook": false,
              "skipped": false
            },
            {
              "title": "vérifier que la connexion est réussie avec des identifiants valides",
              "fullTitle": "vérifier que la connexion est échoué avec des identifiants invalides vérifier que la connexion est réussie avec des identifiants valides",
              "timedOut": null,
              "duration": 6929,
              "state": "passed",
              "speed": "medium",
              "pass": true,
              "fail": false,
              "pending": false,
              "context": null,
              "code": "cy.visit('https://mern-t-chat.vercel.app/', {\n  timeout: 10000\n});\ncy.wait(2000);\ncy.xpath(\"/html/body/div[1]/div[2]/div/div[2]/div/div[2]/div[1]/div/div[1]/input\").type(\"yassinesoudani1000@gmail.com\", {\n  force: true\n});\ncy.xpath(\"/html/body/div[1]/div[2]/div/div[2]/div/div[2]/div[1]/div/div[2]/div/input\").type(\"yassine1000\", {\n  force: true\n});\ncy.xpath(\"/html/body/div[1]/div[2]/div/div[2]/div/div[2]/div[1]/div/button[1]\").click({\n  force: true\n});\ncy.wait(3000);\ncy.url().should('contains', 'https://mern-t-chat.vercel.app/chats');\ncy.get('#toast-1-title').contains(\"Login Successful!\");",
              "err": {},
              "uuid": "22cb8cbf-7a56-43f7-be19-03c22b7a9286",
              "parentUUID": "a526af69-16c1-4407-9bb8-719bd89ecb27",
              "isHook": false,
              "skipped": false
            },
            {
              "title": "ajouter un groupe",
              "fullTitle": "vérifier que la connexion est échoué avec des identifiants invalides ajouter un groupe",
              "timedOut": null,
              "duration": 15359,
              "state": "passed",
              "speed": "slow",
              "pass": true,
              "fail": false,
              "pending": false,
              "context": null,
              "code": "cy.visit('https://mern-t-chat.vercel.app/');\ncy.wait(2000);\ncy.xpath(\"/html/body/div[1]/div[2]/div/div[2]/div/div[2]/div[1]/div/div[1]/input\").type(\"yassinesoudani1000@gmail.com\", {\n  force: true\n});\ncy.xpath(\"/html/body/div[1]/div[2]/div/div[2]/div/div[2]/div[1]/div/div[2]/div/input\").type(\"yassine1000\", {\n  force: true\n});\ncy.xpath(\"/html/body/div[1]/div[2]/div/div[2]/div/div[2]/div[1]/div/button[1]\").click({\n  force: true\n});\ncy.wait(2000);\n// cliquer sur le bouton ajouter un groupe\ncy.xpath(\"/html/body/div[1]/div[2]/div[2]/div[1]/div[1]/span/button\").click({\n  force: true\n});\ncy.wait(1000);\ncy.xpath(\"/html/body/div[3]/div[3]/div/section/div/div[1]/input\").type(\"test groupe\", {\n  force: true\n});\ncy.xpath(\"/html/body/div[3]/div[3]/div/section/div/div[2]/input\").type(\"john\", {\n  force: true\n});\ncy.wait(2000);\ncy.xpath('/html/body/div[3]/div[3]/div/section/div/div[4]').click({\n  force: true\n});\ncy.wait(1000);\ncy.xpath(\"/html/body/div[3]/div[3]/div/section/div/div[2]/input\").clear().type(\"thus\", {\n  force: true\n});\ncy.wait(2000);\ncy.xpath('/html/body/div[3]/div[3]/div/section/div/div[4]').click({\n  force: true\n});\ncy.wait(1000);\ncy.xpath(\"/html/body/div[3]/div[3]/div/section/footer/button[2]\").click({\n  force: true\n});\ncy.xpath(\"/html/body/div[2]/ul[5]/li/div/div/div/div\").contains(\"New Group Created!\");\ncy.xpath(\"/html/body/div[1]/div[2]/div[2]/div[1]/div[2]/div/div[1]/p\").contains(\"test groupe\");",
              "err": {},
              "uuid": "1c0f6d3d-eaa7-4349-8b6f-a6edc62fab31",
              "parentUUID": "a526af69-16c1-4407-9bb8-719bd89ecb27",
              "isHook": false,
              "skipped": false
            },
            {
              "title": "modifier le nom de groupe",
              "fullTitle": "vérifier que la connexion est échoué avec des identifiants invalides modifier le nom de groupe",
              "timedOut": null,
              "duration": 14285,
              "state": "passed",
              "speed": "slow",
              "pass": true,
              "fail": false,
              "pending": false,
              "context": null,
              "code": "cy.visit('https://mern-t-chat.vercel.app/');\ncy.wait(2000);\ncy.xpath(\"/html/body/div[1]/div[2]/div/div[2]/div/div[2]/div[1]/div/div[1]/input\").type(\"yassinesoudani1000@gmail.com\", {\n  force: true\n});\ncy.xpath(\"/html/body/div[1]/div[2]/div/div[2]/div/div[2]/div[1]/div/div[2]/div/input\").type(\"yassine1000\", {\n  force: true\n});\ncy.xpath(\"/html/body/div[1]/div[2]/div/div[2]/div/div[2]/div[1]/div/button[1]\").click({\n  force: true\n});\ncy.wait(3000);\ncy.url().should('contains', 'https://mern-t-chat.vercel.app/chats');\ncy.get('.chakra-stack > :nth-child(1) > .chakra-text').click({\n  force: true\n});\ncy.wait(2000);\ncy.get(\".css-125etan > svg:nth-child(3)\", {\n  timeout: 6000\n}).click({\n  force: true\n});\ncy.wait(1000);\ncy.xpath(\"/html/body/div[3]/div[3]/div/section/div/div[2]/input\").clear().type(\"test groupe modifié\", {\n  force: true\n});\ncy.wait(1000);\ncy.xpath(\"/html/body/div[3]/div[3]/div/section/div/div[2]/button\").click({\n  force: true\n});\ncy.wait(1000);\ncy.get('.chakra-modal__close-btn').click({\n  force: true\n});\ncy.wait(1000);\ncy.xpath(\"/html/body/div[1]/div[2]/div[2]/div[1]/div[2]/div/div[1]/p\").contains(\"test groupe modifié\");",
              "err": {},
              "uuid": "8ca95355-15df-4fe2-a121-3357d31b5fb5",
              "parentUUID": "a526af69-16c1-4407-9bb8-719bd89ecb27",
              "isHook": false,
              "skipped": false
            },
            {
              "title": "supprimer un élement depuis mon panier",
              "fullTitle": "vérifier que la connexion est échoué avec des identifiants invalides supprimer un élement depuis mon panier",
              "timedOut": null,
              "duration": 10938,
              "state": "passed",
              "speed": "slow",
              "pass": true,
              "fail": false,
              "pending": false,
              "context": null,
              "code": "cy.visit('https://mern-t-chat.vercel.app/');\ncy.wait(2000);\ncy.xpath(\"/html/body/div[1]/div[2]/div/div[2]/div/div[2]/div[1]/div/div[1]/input\").type(\"yassinesoudani1000@gmail.com\", {\n  force: true\n});\ncy.xpath(\"/html/body/div[1]/div[2]/div/div[2]/div/div[2]/div[1]/div/div[2]/div/input\").type(\"yassine1000\", {\n  force: true\n});\ncy.xpath(\"/html/body/div[1]/div[2]/div/div[2]/div/div[2]/div[1]/div/button[1]\").click({\n  force: true\n});\ncy.wait(3000);\ncy.url().should('contains', 'https://mern-t-chat.vercel.app/chats');\ncy.get('.chakra-stack > :nth-child(1) > .chakra-text').click({\n  force: true\n});\ncy.wait(2000);\ncy.get(\".css-125etan > svg:nth-child(3)\", {\n  timeout: 6000\n}).click({\n  force: true\n});\ncy.wait(1000);\ncy.xpath(\"/html/body/div[3]/div[3]/div/section/footer/button\").click({\n  force: true\n});\ncy.wait(1000);\ncy.xpath(\"/html/body/div[1]/div[2]/div[2]/div[2]/div/p\").contains(\"Click on a user to start Chatting.\");",
              "err": {},
              "uuid": "6719f871-b376-43ed-8fc8-f898bbaef6d6",
              "parentUUID": "a526af69-16c1-4407-9bb8-719bd89ecb27",
              "isHook": false,
              "skipped": false
            }
          ],
          "suites": [],
          "passes": [
            "1b725274-c610-4faf-9841-e25988fb9e66",
            "22cb8cbf-7a56-43f7-be19-03c22b7a9286",
            "1c0f6d3d-eaa7-4349-8b6f-a6edc62fab31",
            "8ca95355-15df-4fe2-a121-3357d31b5fb5",
            "6719f871-b376-43ed-8fc8-f898bbaef6d6"
          ],
          "failures": [],
          "pending": [],
          "skipped": [],
          "duration": 60198,
          "root": false,
          "rootEmpty": false,
          "_timeout": 2000
        }
      ],
      "passes": [],
      "failures": [],
      "pending": [],
      "skipped": [],
      "duration": 0,
      "root": true,
      "rootEmpty": true,
      "_timeout": 2000
    }
  ],
  "meta": {
    "mocha": {
      "version": "7.2.0"
    },
    "mochawesome": {
      "options": {
        "quiet": true,
        "reportFilename": "mochawesome",
        "saveHtml": false,
        "saveJson": true,
        "consoleReporter": "spec",
        "useInlineDiffs": false,
        "code": true
      },
      "version": "7.1.3"
    },
    "marge": {
      "options": {
        "overwrite": false,
        "html": false,
        "json": true,
        "quiet": true
      },
      "version": "6.2.0"
    }
  }
}